<?xml version="1.0" encoding="UTF-8"?>
<!-- Generated by org.testng.reporters.JUnitReportReporter -->
<testsuite skipped="0" hostname="DESKTOP-LG4283L" name="Test.Day4" tests="3" failures="0" timestamp="2020-06-13T10:28:44 IST" time="0.010" errors="0">
  <testcase name="APILoginHomeLoan" time="0.001" classname="Test.Day4"/>
  <system-out/>
  <testcase name="WebLoginHomeLoan" time="0.001" classname="Test.Day4"/>
  <system-out/>
  <testcase name="MobileLoginHommeLoan" time="0.008" classname="Test.Day4"/>
  <system-out/>
</testsuite> <!-- Test.Day4 -->
