<?xml version="1.0" encoding="UTF-8"?>
<!-- Generated by org.testng.reporters.JUnitReportReporter -->
<testsuite skipped="1" hostname="DESKTOP-LG4283L" name="Test.Day3" tests="5" failures="0" timestamp="2020-06-13T10:28:44 IST" time="0.010" errors="0">
  <testcase name="APILoginCarLoan" time="0.006" classname="Test.Day3"/>
  <system-out/>
  <testcase name="WebLoginCarLoan" time="0.002" classname="Test.Day3"/>
  <system-out/>
  <testcase name="WebLoginCarLoan" time="0.001" classname="Test.Day3"/>
  <system-out/>
  <testcase name="WebLoginCarLoan" time="0.001" classname="Test.Day3"/>
  <system-out/>
  <testcase name="MobileSigninCarLoan" classname="Test.Day3">
    <skipped/>
  </testcase> <!-- MobileSigninCarLoan -->
  <system-out/>
</testsuite> <!-- Test.Day3 -->
