<?xml version="1.0" encoding="UTF-8"?>
<!-- Generated by org.testng.reporters.JUnitReportReporter -->
<testsuite skipped="0" hostname="DESKTOP-LG4283L" name="Test.Day2" tests="1" failures="0" timestamp="2020-06-13T10:28:44 IST" time="0.007" errors="0">
  <testcase name="Demo2" time="0.007" classname="Test.Day2"/>
  <system-out/>
</testsuite> <!-- Test.Day2 -->
